mode: set
github.com/jdomi1981-dev/go-utils/database/azure-postgresql.go:12.118,16.16 3 0
github.com/jdomi1981-dev/go-utils/database/azure-postgresql.go:16.16,18.3 1 0
github.com/jdomi1981-dev/go-utils/database/azure-postgresql.go:19.2,20.16 2 0
github.com/jdomi1981-dev/go-utils/database/azure-postgresql.go:20.16,22.3 1 0
github.com/jdomi1981-dev/go-utils/database/azure-postgresql.go:23.2,23.16 1 0
github.com/jdomi1981-dev/go-utils/database/azure-postgresql.go:26.92,29.16 3 0
github.com/jdomi1981-dev/go-utils/database/azure-postgresql.go:29.16,31.3 1 0
github.com/jdomi1981-dev/go-utils/database/azure-postgresql.go:32.2,32.18 1 0
github.com/jdomi1981-dev/go-utils/database/azure-postgresql.go:35.94,38.16 3 0
github.com/jdomi1981-dev/go-utils/database/azure-postgresql.go:38.16,40.3 1 0
github.com/jdomi1981-dev/go-utils/database/azure-postgresql.go:41.2,41.30 1 0
github.com/jdomi1981-dev/go-utils/log/log.go:25.89,32.43 7 0
github.com/jdomi1981-dev/go-utils/log/log.go:32.43,34.3 1 0
github.com/jdomi1981-dev/go-utils/log/log.go:35.2,35.12 1 0
github.com/jdomi1981-dev/go-utils/log/log.go:38.24,41.2 2 0
github.com/jdomi1981-dev/go-utils/api-management/azure-apim.go:28.127,30.16 2 0
github.com/jdomi1981-dev/go-utils/api-management/azure-apim.go:30.16,32.3 1 0
github.com/jdomi1981-dev/go-utils/api-management/azure-apim.go:33.2,38.17 5 0
github.com/jdomi1981-dev/go-utils/api-management/azure-apim.go:41.79,45.16 4 0
github.com/jdomi1981-dev/go-utils/api-management/azure-apim.go:45.16,47.3 1 0
github.com/jdomi1981-dev/go-utils/api-management/azure-apim.go:48.2,50.16 3 0
github.com/jdomi1981-dev/go-utils/api-management/azure-apim.go:50.16,52.3 1 0
github.com/jdomi1981-dev/go-utils/api-management/azure-apim.go:53.2,53.38 1 0
github.com/jdomi1981-dev/go-utils/api-management/azure-apim.go:53.38,55.3 1 0
github.com/jdomi1981-dev/go-utils/api-management/azure-apim.go:56.2,57.59 2 0
github.com/jdomi1981-dev/go-utils/api-management/azure-apim.go:57.59,59.3 1 0
github.com/jdomi1981-dev/go-utils/api-management/azure-apim.go:60.2,60.31 1 0
github.com/jdomi1981-dev/go-utils/service-bus/event-adapter.go:32.62,36.16 4 0
github.com/jdomi1981-dev/go-utils/service-bus/event-adapter.go:36.16,38.3 1 0
github.com/jdomi1981-dev/go-utils/service-bus/event-adapter.go:39.2,40.43 2 0
github.com/jdomi1981-dev/go-utils/service-bus/event-adapter.go:40.43,42.3 1 0
github.com/jdomi1981-dev/go-utils/service-bus/event-adapter.go:43.2,43.12 1 0
github.com/jdomi1981-dev/go-utils/utils/util.go:9.40,11.40 2 0
github.com/jdomi1981-dev/go-utils/utils/util.go:11.40,13.3 1 0
github.com/jdomi1981-dev/go-utils/utils/util.go:14.2,14.19 1 0
github.com/jdomi1981-dev/go-utils/utils/util.go:18.77,22.34 3 0
github.com/jdomi1981-dev/go-utils/utils/util.go:22.34,23.46 1 0
github.com/jdomi1981-dev/go-utils/utils/util.go:23.46,25.4 1 0
github.com/jdomi1981-dev/go-utils/utils/util.go:27.2,27.14 1 0
github.com/jdomi1981-dev/go-utils/utils/util.go:31.64,33.2 1 0
github.com/jdomi1981-dev/go-utils/utils/util.go:35.27,37.2 1 0
